<?xml version="1.0" encoding="UTF-8"?>
<coverage generated="1696946622019" clover="3.2.0">
  <project timestamp="1696946622019" name="All files">
    <metrics statements="238" coveredstatements="162" conditionals="130" coveredconditionals="72" methods="45" coveredmethods="19" elements="413" coveredelements="253" complexity="0" loc="238" ncloc="238" packages="2" files="10" classes="10"/>
    <package name="node-project">
      <metrics statements="24" coveredstatements="0" conditionals="4" coveredconditionals="0" methods="2" coveredmethods="0"/>
      <file name="setup-standard.mjs" path="/Users/zane/.liq/playground/liquid-labs/catalyst-builder-node/src/handlers/workflows/local/node-project/setup-standard.mjs">
        <metrics statements="24" coveredstatements="0" conditionals="4" coveredconditionals="0" methods="2" coveredmethods="0"/>
        <line num="1" count="0" type="stmt"/>
        <line num="2" count="0" type="stmt"/>
        <line num="3" count="0" type="stmt"/>
        <line num="5" count="0" type="stmt"/>
        <line num="7" count="0" type="stmt"/>
        <line num="17" count="0" type="stmt"/>
        <line num="18" count="0" type="stmt"/>
        <line num="19" count="0" type="stmt"/>
        <line num="92" count="0" type="stmt"/>
        <line num="93" count="0" type="stmt"/>
        <line num="96" count="0" type="stmt"/>
        <line num="98" count="0" type="stmt"/>
        <line num="99" count="0" type="stmt"/>
        <line num="101" count="0" type="stmt"/>
        <line num="103" count="0" type="stmt"/>
        <line num="104" count="0" type="cond" truecount="0" falsecount="2"/>
        <line num="105" count="0" type="stmt"/>
        <line num="108" count="0" type="stmt"/>
        <line num="109" count="0" type="stmt"/>
        <line num="110" count="0" type="cond" truecount="0" falsecount="2"/>
        <line num="111" count="0" type="stmt"/>
        <line num="114" count="0" type="stmt"/>
        <line num="116" count="0" type="stmt"/>
        <line num="117" count="0" type="stmt"/>
      </file>
    </package>
    <package name="node-project.lib">
      <metrics statements="214" coveredstatements="162" conditionals="126" coveredconditionals="72" methods="43" coveredmethods="19"/>
      <file name="constants.mjs" path="/Users/zane/.liq/playground/liquid-labs/catalyst-builder-node/src/handlers/workflows/local/node-project/lib/constants.mjs">
        <metrics statements="3" coveredstatements="3" conditionals="0" coveredconditionals="0" methods="0" coveredmethods="0"/>
        <line num="1" count="1" type="stmt"/>
        <line num="2" count="1" type="stmt"/>
        <line num="3" count="1" type="stmt"/>
      </file>
      <file name="search-for-index.mjs" path="/Users/zane/.liq/playground/liquid-labs/catalyst-builder-node/src/handlers/workflows/local/node-project/lib/search-for-index.mjs">
        <metrics statements="9" coveredstatements="7" conditionals="5" coveredconditionals="3" methods="3" coveredmethods="2"/>
        <line num="1" count="1" type="stmt"/>
        <line num="3" count="1" type="stmt"/>
        <line num="4" count="1" type="stmt"/>
        <line num="5" count="1" type="cond" truecount="0" falsecount="1"/>
        <line num="6" count="0" type="stmt"/>
        <line num="7" count="0" type="stmt"/>
        <line num="9" count="1" type="stmt"/>
        <line num="11" count="1" type="cond" truecount="3" falsecount="1"/>
        <line num="12" count="1" type="stmt"/>
      </file>
      <file name="setup-builds.mjs" path="/Users/zane/.liq/playground/liquid-labs/catalyst-builder-node/src/handlers/workflows/local/node-project/lib/setup-builds.mjs">
        <metrics statements="36" coveredstatements="31" conditionals="14" coveredconditionals="7" methods="7" coveredmethods="4"/>
        <line num="3" count="1" type="stmt"/>
        <line num="4" count="1" type="stmt"/>
        <line num="6" count="1" type="stmt"/>
        <line num="8" count="1" type="stmt"/>
        <line num="10" count="216" type="cond" truecount="6" falsecount="0"/>
        <line num="12" count="1" type="stmt"/>
        <line num="15" count="0" type="cond" truecount="0" falsecount="1"/>
        <line num="16" count="0" type="cond" truecount="0" falsecount="1"/>
        <line num="18" count="0" type="cond" truecount="0" falsecount="1"/>
        <line num="20" count="2" type="stmt"/>
        <line num="22" count="2" type="stmt"/>
        <line num="23" count="1" type="stmt"/>
        <line num="24" count="1" type="stmt"/>
        <line num="25" count="1" type="stmt"/>
        <line num="27" count="1" type="cond" truecount="1" falsecount="1"/>
        <line num="28" count="1" type="stmt"/>
        <line num="31" count="1" type="stmt"/>
        <line num="44" count="1" type="cond" truecount="0" falsecount="1"/>
        <line num="45" count="0" type="stmt"/>
        <line num="47" count="1" type="stmt"/>
        <line num="48" count="1" type="cond" truecount="0" falsecount="1"/>
        <line num="49" count="0" type="stmt"/>
        <line num="51" count="1" type="stmt"/>
        <line num="56" count="1" type="stmt"/>
        <line num="57" count="1" type="stmt"/>
        <line num="61" count="1" type="stmt"/>
        <line num="62" count="1" type="stmt"/>
        <line num="64" count="1" type="stmt"/>
        <line num="66" count="1" type="stmt"/>
        <line num="75" count="2" type="stmt"/>
        <line num="81" count="1" type="stmt"/>
        <line num="82" count="1" type="stmt"/>
        <line num="83" count="1" type="stmt"/>
        <line num="85" count="1" type="stmt"/>
        <line num="86" count="1" type="stmt"/>
        <line num="87" count="1" type="stmt"/>
      </file>
      <file name="setup-data-files.mjs" path="/Users/zane/.liq/playground/liquid-labs/catalyst-builder-node/src/handlers/workflows/local/node-project/lib/setup-data-files.mjs">
        <metrics statements="14" coveredstatements="11" conditionals="9" coveredconditionals="6" methods="5" coveredmethods="2"/>
        <line num="1" count="1" type="stmt"/>
        <line num="2" count="1" type="stmt"/>
        <line num="4" count="216" type="cond" truecount="6" falsecount="0"/>
        <line num="6" count="1" type="stmt"/>
        <line num="7" count="0" type="cond" truecount="0" falsecount="1"/>
        <line num="8" count="0" type="cond" truecount="0" falsecount="1"/>
        <line num="9" count="0" type="cond" truecount="0" falsecount="1"/>
        <line num="11" count="1" type="stmt"/>
        <line num="20" count="1" type="stmt"/>
        <line num="21" count="1" type="stmt"/>
        <line num="22" count="1" type="stmt"/>
        <line num="24" count="1" type="stmt"/>
        <line num="26" count="1" type="stmt"/>
        <line num="37" count="1" type="stmt"/>
      </file>
      <file name="setup-js-files.mjs" path="/Users/zane/.liq/playground/liquid-labs/catalyst-builder-node/src/handlers/workflows/local/node-project/lib/setup-js-files.mjs">
        <metrics statements="14" coveredstatements="11" conditionals="9" coveredconditionals="6" methods="5" coveredmethods="2"/>
        <line num="1" count="1" type="stmt"/>
        <line num="2" count="1" type="stmt"/>
        <line num="4" count="216" type="cond" truecount="6" falsecount="0"/>
        <line num="6" count="1" type="stmt"/>
        <line num="7" count="0" type="cond" truecount="0" falsecount="1"/>
        <line num="8" count="0" type="cond" truecount="0" falsecount="1"/>
        <line num="9" count="0" type="cond" truecount="0" falsecount="1"/>
        <line num="11" count="1" type="stmt"/>
        <line num="22" count="1" type="stmt"/>
        <line num="23" count="1" type="stmt"/>
        <line num="24" count="1" type="stmt"/>
        <line num="26" count="1" type="stmt"/>
        <line num="28" count="1" type="stmt"/>
        <line num="39" count="1" type="stmt"/>
      </file>
      <file name="setup-lint.mjs" path="/Users/zane/.liq/playground/liquid-labs/catalyst-builder-node/src/handlers/workflows/local/node-project/lib/setup-lint.mjs">
        <metrics statements="20" coveredstatements="16" conditionals="11" coveredconditionals="7" methods="5" coveredmethods="2"/>
        <line num="2" count="1" type="stmt"/>
        <line num="3" count="1" type="stmt"/>
        <line num="5" count="1" type="stmt"/>
        <line num="7" count="216" type="cond" truecount="6" falsecount="0"/>
        <line num="9" count="1" type="stmt"/>
        <line num="10" count="0" type="cond" truecount="0" falsecount="1"/>
        <line num="11" count="0" type="cond" truecount="0" falsecount="1"/>
        <line num="14" count="0" type="cond" truecount="0" falsecount="1"/>
        <line num="16" count="1" type="stmt"/>
        <line num="28" count="1" type="cond" truecount="1" falsecount="0"/>
        <line num="29" count="1" type="stmt"/>
        <line num="31" count="1" type="cond" truecount="0" falsecount="1"/>
        <line num="32" count="0" type="stmt"/>
        <line num="34" count="1" type="stmt"/>
        <line num="61" count="1" type="stmt"/>
        <line num="62" count="1" type="stmt"/>
        <line num="63" count="1" type="stmt"/>
        <line num="65" count="1" type="stmt"/>
        <line num="67" count="1" type="stmt"/>
        <line num="79" count="1" type="stmt"/>
      </file>
      <file name="setup-project.mjs" path="/Users/zane/.liq/playground/liquid-labs/catalyst-builder-node/src/handlers/workflows/local/node-project/lib/setup-project.mjs">
        <metrics statements="84" coveredstatements="55" conditionals="58" coveredconditionals="29" methods="8" coveredmethods="3"/>
        <line num="1" count="1" type="stmt"/>
        <line num="2" count="1" type="stmt"/>
        <line num="3" count="1" type="stmt"/>
        <line num="5" count="1" type="stmt"/>
        <line num="7" count="1" type="stmt"/>
        <line num="9" count="1" type="stmt"/>
        <line num="10" count="1" type="stmt"/>
        <line num="11" count="1" type="stmt"/>
        <line num="12" count="1" type="stmt"/>
        <line num="13" count="1" type="stmt"/>
        <line num="14" count="1" type="stmt"/>
        <line num="15" count="216" type="cond" truecount="6" falsecount="0"/>
        <line num="17" count="1" type="stmt"/>
        <line num="23" count="0" type="cond" truecount="0" falsecount="1"/>
        <line num="24" count="0" type="cond" truecount="0" falsecount="1"/>
        <line num="34" count="0" type="cond" truecount="0" falsecount="1"/>
        <line num="35" count="1" type="stmt"/>
        <line num="37" count="1" type="stmt"/>
        <line num="38" count="1" type="cond" truecount="0" falsecount="1"/>
        <line num="39" count="0" type="stmt"/>
        <line num="42" count="1" type="stmt"/>
        <line num="43" count="1" type="cond" truecount="0" falsecount="1"/>
        <line num="44" count="0" type="stmt"/>
        <line num="47" count="1" type="cond" truecount="3" falsecount="0"/>
        <line num="49" count="1" type="stmt"/>
        <line num="51" count="1" type="stmt"/>
        <line num="52" count="1" type="stmt"/>
        <line num="53" count="1" type="stmt"/>
        <line num="54" count="1" type="stmt"/>
        <line num="57" count="0" type="cond" truecount="0" falsecount="2"/>
        <line num="58" count="0" type="stmt"/>
        <line num="61" count="0" type="stmt"/>
        <line num="64" count="1" type="cond" truecount="0" falsecount="1"/>
        <line num="65" count="0" type="stmt"/>
        <line num="68" count="1" type="stmt"/>
        <line num="69" count="1" type="stmt"/>
        <line num="70" count="1" type="cond" truecount="1" falsecount="1"/>
        <line num="71" count="1" type="cond" truecount="1" falsecount="1"/>
        <line num="72" count="1" type="cond" truecount="1" falsecount="1"/>
        <line num="75" count="0" type="cond" truecount="0" falsecount="3"/>
        <line num="76" count="0" type="stmt"/>
        <line num="77" count="0" type="stmt"/>
        <line num="78" count="0" type="stmt"/>
        <line num="79" count="0" type="cond" truecount="0" falsecount="1"/>
        <line num="80" count="0" type="stmt"/>
        <line num="81" count="0" type="stmt"/>
        <line num="84" count="0" type="cond" truecount="0" falsecount="5"/>
        <line num="86" count="0" type="cond" truecount="0" falsecount="1"/>
        <line num="87" count="0" type="stmt"/>
        <line num="89" count="0" type="cond" truecount="0" falsecount="4"/>
        <line num="90" count="0" type="cond" truecount="0" falsecount="1"/>
        <line num="91" count="0" type="stmt"/>
        <line num="92" count="0" type="stmt"/>
        <line num="93" count="0" type="stmt"/>
        <line num="94" count="0" type="cond" truecount="0" falsecount="1"/>
        <line num="95" count="0" type="stmt"/>
        <line num="96" count="0" type="stmt"/>
        <line num="97" count="0" type="stmt"/>
        <line num="103" count="1" type="cond" truecount="2" falsecount="1"/>
        <line num="104" count="0" type="stmt"/>
        <line num="107" count="1" type="stmt"/>
        <line num="109" count="1" type="stmt"/>
        <line num="110" count="1" type="stmt"/>
        <line num="112" count="1" type="stmt"/>
        <line num="134" count="1" type="cond" truecount="1" falsecount="0"/>
        <line num="135" count="1" type="stmt"/>
        <line num="138" count="1" type="cond" truecount="1" falsecount="0"/>
        <line num="139" count="1" type="stmt"/>
        <line num="142" count="1" type="stmt"/>
        <line num="144" count="1" type="stmt"/>
        <line num="145" count="1" type="stmt"/>
        <line num="146" count="1" type="stmt"/>
        <line num="147" count="9" type="cond" truecount="1" falsecount="1"/>
        <line num="148" count="9" type="stmt"/>
        <line num="149" count="9" type="stmt"/>
        <line num="150" count="8" type="stmt"/>
        <line num="153" count="1" type="stmt"/>
        <line num="155" count="1" type="stmt"/>
        <line num="157" count="20" type="cond" truecount="2" falsecount="0"/>
        <line num="158" count="12" type="cond" truecount="2" falsecount="0"/>
        <line num="159" count="2" type="stmt"/>
        <line num="162" count="1" type="stmt"/>
        <line num="164" count="1" type="stmt"/>
        <line num="165" count="1" type="stmt"/>
      </file>
      <file name="setup-resources.mjs" path="/Users/zane/.liq/playground/liquid-labs/catalyst-builder-node/src/handlers/workflows/local/node-project/lib/setup-resources.mjs">
        <metrics statements="19" coveredstatements="16" conditionals="11" coveredconditionals="8" methods="5" coveredmethods="2"/>
        <line num="1" count="1" type="stmt"/>
        <line num="2" count="1" type="stmt"/>
        <line num="4" count="1" type="stmt"/>
        <line num="6" count="216" type="cond" truecount="6" falsecount="0"/>
        <line num="8" count="1" type="stmt"/>
        <line num="9" count="0" type="cond" truecount="0" falsecount="1"/>
        <line num="10" count="0" type="cond" truecount="0" falsecount="1"/>
        <line num="14" count="0" type="cond" truecount="0" falsecount="1"/>
        <line num="16" count="1" type="stmt"/>
        <line num="24" count="1" type="cond" truecount="1" falsecount="0"/>
        <line num="25" count="1" type="stmt"/>
        <line num="29" count="1" type="cond" truecount="1" falsecount="0"/>
        <line num="30" count="1" type="stmt"/>
        <line num="34" count="1" type="stmt"/>
        <line num="35" count="1" type="stmt"/>
        <line num="36" count="1" type="stmt"/>
        <line num="38" count="1" type="stmt"/>
        <line num="40" count="1" type="stmt"/>
        <line num="52" count="1" type="stmt"/>
      </file>
      <file name="setup-test.mjs" path="/Users/zane/.liq/playground/liquid-labs/catalyst-builder-node/src/handlers/workflows/local/node-project/lib/setup-test.mjs">
        <metrics statements="15" coveredstatements="12" conditionals="9" coveredconditionals="6" methods="5" coveredmethods="2"/>
        <line num="2" count="1" type="stmt"/>
        <line num="3" count="1" type="stmt"/>
        <line num="5" count="1" type="stmt"/>
        <line num="7" count="216" type="cond" truecount="6" falsecount="0"/>
        <line num="9" count="1" type="stmt"/>
        <line num="10" count="0" type="cond" truecount="0" falsecount="1"/>
        <line num="11" count="0" type="cond" truecount="0" falsecount="1"/>
        <line num="14" count="0" type="cond" truecount="0" falsecount="1"/>
        <line num="21" count="1" type="stmt"/>
        <line num="72" count="1" type="stmt"/>
        <line num="73" count="1" type="stmt"/>
        <line num="74" count="1" type="stmt"/>
        <line num="76" count="1" type="stmt"/>
        <line num="78" count="1" type="stmt"/>
        <line num="90" count="1" type="stmt"/>
      </file>
    </package>
  </project>
</coverage>
